<?xml version="1.0" encoding="UTF-8"?>
<!-- Generated by org.testng.reporters.JUnitXMLReporter -->
<testsuite hostname="Samsung" name="Test" tests="96" failures="10" timestamp="8 May 2020 04:59:39 GMT" time="338.469" errors="0">
  <testcase name="AMSMainScreen" time="6.57" classname="testartemus.AMSMainScreenTest"/>
  <testcase name="vesseldetailsmain" time="1.505" classname="testartemus.AMSMainScreenTest"/>
  <testcase name="Voyagedetailsmain" time="0.47" classname="testartemus.AMSMainScreenTest"/>
  <testcase name="LoadPortdetailsmain" time="2.165" classname="testartemus.AMSMainScreenTest"/>
  <testcase name="DischargePortdetailsmain" time="0.601" classname="testartemus.AMSMainScreenTest"/>
  <testcase name="findbillsmain" time="2.302" classname="testartemus.AMSMainScreenTest"/>
  <testcase name="validateport" time="0.377" classname="testartemus.AMSMainScreenTest"/>
  <testcase name="validatebuttonDiv" time="0.277" classname="testartemus.AMSMainScreenTest"/>
  <testcase name="billDetailInformation" time="0.993" classname="testartemus.AMSMainScreenTest"/>
  <testcase name="CustomErrorScreen" time="0.882" classname="testartemus.AMSMainScreenTest"/>
  <testcase name="originalManifestTracking" time="1.296" classname="testartemus.AMSMainScreenTest"/>
  <testcase name="BillAmendmentTracking" time="0.791" classname="testartemus.AMSMainScreenTest"/>
  <testcase name="OriginalManifes" time="1.395" classname="testartemus.addoriginalmanifestTest"/>
  <testcase name="vesseldetails" time="0.831" classname="testartemus.addoriginalmanifestTest"/>
  <testcase name="Voyagedetails" time="0.439" classname="testartemus.addoriginalmanifestTest"/>
  <testcase name="LoadPortdetails" time="0.906" classname="testartemus.addoriginalmanifestTest"/>
  <testcase name="DischargePortdetails" time="0.378" classname="testartemus.addoriginalmanifestTest"/>
  <testcase name="findbills" time="2.302" classname="testartemus.addoriginalmanifestTest"/>
  <testcase name="assertRow" time="0.529" classname="testartemus.addoriginalmanifestTest"/>
  <testcase name="sendManifestCheckBox" time="4.275" classname="testartemus.addoriginalmanifestTest"/>
  <testcase name="voyegetab" time="2.545" classname="testartemus.voyegeTest"/>
  <testcase name="vesseldetail" time="3.03" classname="testartemus.voyegeTest"/>
  <testcase name="voyegedetail" time="0.522" classname="testartemus.voyegeTest"/>
  <testcase name="firstlocationdetails" time="3.066" classname="testartemus.voyegeTest"/>
  <testcase name="datedetails" time="0.992" classname="testartemus.voyegeTest"/>
  <testcase name="portdetails" time="0.31" classname="testartemus.voyegeTest"/>
  <testcase name="secondlocationdetails" time="0.731" classname="testartemus.voyegeTest">
    <failure type="org.openqa.selenium.StaleElementReferenceException" message="stale element reference: element is not attached to the page document
  (Session info: chrome=80.0.3987.162)
For documentation on this error, please visit: https://www.seleniumhq.org/exceptions/stale_element_reference.html
Build info: version: &amp;apos;3.141.59&amp;apos;, revision: &amp;apos;e82be7d358&amp;apos;, time: &amp;apos;2018-11-14T08:25:53&amp;apos;
System info: host: &amp;apos;Samsung&amp;apos;, ip: &amp;apos;127.0.1.1&amp;apos;, os.name: &amp;apos;Linux&amp;apos;, os.arch: &amp;apos;amd64&amp;apos;, os.version: &amp;apos;4.13.0-36-generic&amp;apos;, java.version: &amp;apos;1.8.0_03-Ubuntu&amp;apos;
Driver info: org.openqa.selenium.chrome.ChromeDriver
Capabilities {acceptInsecureCerts: false, browserName: chrome, browserVersion: 80.0.3987.162, chrome: {chromedriverVersion: 80.0.3987.106 (f68069574609..., userDataDir: /tmp/.com.google.Chrome.Itcphs}, goog:chromeOptions: {debuggerAddress: localhost:38741}, javascriptEnabled: true, networkConnectionEnabled: false, pageLoadStrategy: normal, platform: LINUX, platformName: LINUX, proxy: Proxy(), setWindowRect: true, strictFileInteractability: false, timeouts: {implicit: 0, pageLoad: 300000, script: 30000}, unhandledPromptBehavior: dismiss and notify}
Session ID: 8a46c75c5a7f161096c2cad7847feb52">
      <![CDATA[org.openqa.selenium.StaleElementReferenceException: stale element reference: element is not attached to the page document
  (Session info: chrome=80.0.3987.162)
For documentation on this error, please visit: https://www.seleniumhq.org/exceptions/stale_element_reference.html
Build info: version: '3.141.59', revision: 'e82be7d358', time: '2018-11-14T08:25:53'
System info: host: 'Samsung', ip: '127.0.1.1', os.name: 'Linux', os.arch: 'amd64', os.version: '4.13.0-36-generic', java.version: '1.8.0_03-Ubuntu'
Driver info: org.openqa.selenium.chrome.ChromeDriver
Capabilities {acceptInsecureCerts: false, browserName: chrome, browserVersion: 80.0.3987.162, chrome: {chromedriverVersion: 80.0.3987.106 (f68069574609..., userDataDir: /tmp/.com.google.Chrome.Itcphs}, goog:chromeOptions: {debuggerAddress: localhost:38741}, javascriptEnabled: true, networkConnectionEnabled: false, pageLoadStrategy: normal, platform: LINUX, platformName: LINUX, proxy: Proxy(), setWindowRect: true, strictFileInteractability: false, timeouts: {implicit: 0, pageLoad: 300000, script: 30000}, unhandledPromptBehavior: dismiss and notify}
Session ID: 8a46c75c5a7f161096c2cad7847feb52
	at org.openqa.selenium.remote.http.W3CHttpResponseCodec.createException(W3CHttpResponseCodec.java:187)
	at org.openqa.selenium.remote.http.W3CHttpResponseCodec.decode(W3CHttpResponseCodec.java:122)
	at org.openqa.selenium.remote.http.W3CHttpResponseCodec.decode(W3CHttpResponseCodec.java:49)
	at org.openqa.selenium.remote.HttpCommandExecutor.execute(HttpCommandExecutor.java:158)
	at org.openqa.selenium.remote.service.DriverCommandExecutor.execute(DriverCommandExecutor.java:83)
	at org.openqa.selenium.remote.RemoteWebDriver.execute(RemoteWebDriver.java:552)
	at org.openqa.selenium.remote.RemoteWebElement.execute(RemoteWebElement.java:285)
	at org.openqa.selenium.remote.RemoteWebElement.click(RemoteWebElement.java:84)
	at org.openqa.selenium.support.pagefactory.internal.LocatingElementHandler.invoke(LocatingElementHandler.java:51)
	at com.sun.proxy.$Proxy9.click(Unknown Source)
	at testartemus.voyegeTest.secondlocationdetails(voyegeTest.java:162)
... Removed 32 stack frames]]>
    </failure>
  </testcase> <!-- secondlocationdetails -->
  <testcase name="datedetailstwo" time="1.311" classname="testartemus.voyegeTest"/>
  <testcase name="portdetailstwo" time="1.258" classname="testartemus.voyegeTest">
    <failure type="org.openqa.selenium.ElementClickInterceptedException" message="element click intercepted: Element &amp;lt;input type=&amp;quot;checkbox&amp;quot; name=&amp;quot;dischargeCheckBox&amp;quot; value=&amp;quot;false&amp;quot; onclick=&amp;quot;changeValue(this)&amp;quot;&amp;gt; is not clickable at point (651, 235). Other element would receive the click: &amp;lt;div style=&amp;quot;top: 50px;left: 50%;height: 100%;&amp;quot;&amp;gt;...&amp;lt;/div&amp;gt;
  (Session info: chrome=80.0.3987.162)
Build info: version: &amp;apos;3.141.59&amp;apos;, revision: &amp;apos;e82be7d358&amp;apos;, time: &amp;apos;2018-11-14T08:25:53&amp;apos;
System info: host: &amp;apos;Samsung&amp;apos;, ip: &amp;apos;127.0.1.1&amp;apos;, os.name: &amp;apos;Linux&amp;apos;, os.arch: &amp;apos;amd64&amp;apos;, os.version: &amp;apos;4.13.0-36-generic&amp;apos;, java.version: &amp;apos;1.8.0_03-Ubuntu&amp;apos;
Driver info: org.openqa.selenium.chrome.ChromeDriver
Capabilities {acceptInsecureCerts: false, browserName: chrome, browserVersion: 80.0.3987.162, chrome: {chromedriverVersion: 80.0.3987.106 (f68069574609..., userDataDir: /tmp/.com.google.Chrome.Itcphs}, goog:chromeOptions: {debuggerAddress: localhost:38741}, javascriptEnabled: true, networkConnectionEnabled: false, pageLoadStrategy: normal, platform: LINUX, platformName: LINUX, proxy: Proxy(), setWindowRect: true, strictFileInteractability: false, timeouts: {implicit: 0, pageLoad: 300000, script: 30000}, unhandledPromptBehavior: dismiss and notify}
Session ID: 8a46c75c5a7f161096c2cad7847feb52">
      <![CDATA[org.openqa.selenium.ElementClickInterceptedException: element click intercepted: Element <input type="checkbox" name="dischargeCheckBox" value="false" onclick="changeValue(this)"> is not clickable at point (651, 235). Other element would receive the click: <div style="top: 50px;left: 50%;height: 100%;">...</div>
  (Session info: chrome=80.0.3987.162)
Build info: version: '3.141.59', revision: 'e82be7d358', time: '2018-11-14T08:25:53'
System info: host: 'Samsung', ip: '127.0.1.1', os.name: 'Linux', os.arch: 'amd64', os.version: '4.13.0-36-generic', java.version: '1.8.0_03-Ubuntu'
Driver info: org.openqa.selenium.chrome.ChromeDriver
Capabilities {acceptInsecureCerts: false, browserName: chrome, browserVersion: 80.0.3987.162, chrome: {chromedriverVersion: 80.0.3987.106 (f68069574609..., userDataDir: /tmp/.com.google.Chrome.Itcphs}, goog:chromeOptions: {debuggerAddress: localhost:38741}, javascriptEnabled: true, networkConnectionEnabled: false, pageLoadStrategy: normal, platform: LINUX, platformName: LINUX, proxy: Proxy(), setWindowRect: true, strictFileInteractability: false, timeouts: {implicit: 0, pageLoad: 300000, script: 30000}, unhandledPromptBehavior: dismiss and notify}
Session ID: 8a46c75c5a7f161096c2cad7847feb52
	at org.openqa.selenium.remote.http.W3CHttpResponseCodec.createException(W3CHttpResponseCodec.java:187)
	at org.openqa.selenium.remote.http.W3CHttpResponseCodec.decode(W3CHttpResponseCodec.java:122)
	at org.openqa.selenium.remote.http.W3CHttpResponseCodec.decode(W3CHttpResponseCodec.java:49)
	at org.openqa.selenium.remote.HttpCommandExecutor.execute(HttpCommandExecutor.java:158)
	at org.openqa.selenium.remote.service.DriverCommandExecutor.execute(DriverCommandExecutor.java:83)
	at org.openqa.selenium.remote.RemoteWebDriver.execute(RemoteWebDriver.java:552)
	at org.openqa.selenium.remote.RemoteWebElement.execute(RemoteWebElement.java:285)
	at org.openqa.selenium.remote.RemoteWebElement.click(RemoteWebElement.java:84)
	at org.openqa.selenium.support.pagefactory.internal.LocatingElementHandler.invoke(LocatingElementHandler.java:51)
	at com.sun.proxy.$Proxy9.click(Unknown Source)
	at testartemus.voyegeTest.portdetailstwo(voyegeTest.java:184)
... Removed 32 stack frames]]>
    </failure>
  </testcase> <!-- portdetailstwo -->
  <testcase name="savevoyege" time="1.184" classname="testartemus.voyegeTest">
    <failure type="org.openqa.selenium.ElementClickInterceptedException" message="element click intercepted: Element &amp;lt;img class=&amp;quot;ToolButton&amp;quot; id=&amp;quot;img_save&amp;quot; src=&amp;quot;images/save.gif&amp;quot; alt=&amp;quot;Save&amp;quot; title=&amp;quot;Save&amp;quot; border=&amp;quot;0&amp;quot; onclick=&amp;quot;funSave(); return false;&amp;quot;&amp;gt; is not clickable at point (532, 67). Other element would receive the click: &amp;lt;td colspan=&amp;quot;2&amp;quot; align=&amp;quot;right&amp;quot;&amp;gt;...&amp;lt;/td&amp;gt;
  (Session info: chrome=80.0.3987.162)
Build info: version: &amp;apos;3.141.59&amp;apos;, revision: &amp;apos;e82be7d358&amp;apos;, time: &amp;apos;2018-11-14T08:25:53&amp;apos;
System info: host: &amp;apos;Samsung&amp;apos;, ip: &amp;apos;127.0.1.1&amp;apos;, os.name: &amp;apos;Linux&amp;apos;, os.arch: &amp;apos;amd64&amp;apos;, os.version: &amp;apos;4.13.0-36-generic&amp;apos;, java.version: &amp;apos;1.8.0_03-Ubuntu&amp;apos;
Driver info: org.openqa.selenium.chrome.ChromeDriver
Capabilities {acceptInsecureCerts: false, browserName: chrome, browserVersion: 80.0.3987.162, chrome: {chromedriverVersion: 80.0.3987.106 (f68069574609..., userDataDir: /tmp/.com.google.Chrome.Itcphs}, goog:chromeOptions: {debuggerAddress: localhost:38741}, javascriptEnabled: true, networkConnectionEnabled: false, pageLoadStrategy: normal, platform: LINUX, platformName: LINUX, proxy: Proxy(), setWindowRect: true, strictFileInteractability: false, timeouts: {implicit: 0, pageLoad: 300000, script: 30000}, unhandledPromptBehavior: dismiss and notify}
Session ID: 8a46c75c5a7f161096c2cad7847feb52">
      <![CDATA[org.openqa.selenium.ElementClickInterceptedException: element click intercepted: Element <img class="ToolButton" id="img_save" src="images/save.gif" alt="Save" title="Save" border="0" onclick="funSave(); return false;"> is not clickable at point (532, 67). Other element would receive the click: <td colspan="2" align="right">...</td>
  (Session info: chrome=80.0.3987.162)
Build info: version: '3.141.59', revision: 'e82be7d358', time: '2018-11-14T08:25:53'
System info: host: 'Samsung', ip: '127.0.1.1', os.name: 'Linux', os.arch: 'amd64', os.version: '4.13.0-36-generic', java.version: '1.8.0_03-Ubuntu'
Driver info: org.openqa.selenium.chrome.ChromeDriver
Capabilities {acceptInsecureCerts: false, browserName: chrome, browserVersion: 80.0.3987.162, chrome: {chromedriverVersion: 80.0.3987.106 (f68069574609..., userDataDir: /tmp/.com.google.Chrome.Itcphs}, goog:chromeOptions: {debuggerAddress: localhost:38741}, javascriptEnabled: true, networkConnectionEnabled: false, pageLoadStrategy: normal, platform: LINUX, platformName: LINUX, proxy: Proxy(), setWindowRect: true, strictFileInteractability: false, timeouts: {implicit: 0, pageLoad: 300000, script: 30000}, unhandledPromptBehavior: dismiss and notify}
Session ID: 8a46c75c5a7f161096c2cad7847feb52
	at org.openqa.selenium.remote.http.W3CHttpResponseCodec.createException(W3CHttpResponseCodec.java:187)
	at org.openqa.selenium.remote.http.W3CHttpResponseCodec.decode(W3CHttpResponseCodec.java:122)
	at org.openqa.selenium.remote.http.W3CHttpResponseCodec.decode(W3CHttpResponseCodec.java:49)
	at org.openqa.selenium.remote.HttpCommandExecutor.execute(HttpCommandExecutor.java:158)
	at org.openqa.selenium.remote.service.DriverCommandExecutor.execute(DriverCommandExecutor.java:83)
	at org.openqa.selenium.remote.RemoteWebDriver.execute(RemoteWebDriver.java:552)
	at org.openqa.selenium.remote.RemoteWebElement.execute(RemoteWebElement.java:285)
	at org.openqa.selenium.remote.RemoteWebElement.click(RemoteWebElement.java:84)
	at org.openqa.selenium.support.pagefactory.internal.LocatingElementHandler.invoke(LocatingElementHandler.java:51)
	at com.sun.proxy.$Proxy9.click(Unknown Source)
	at testartemus.voyegeTest.savevoyege(voyegeTest.java:192)
... Removed 32 stack frames]]>
    </failure>
  </testcase> <!-- savevoyege -->
  <testcase name="findvoyege" time="1.168" classname="testartemus.voyegeTest">
    <failure type="org.openqa.selenium.ElementClickInterceptedException" message="element click intercepted: Element &amp;lt;img class=&amp;quot;ToolButton&amp;quot; id=&amp;quot;img_find&amp;quot; src=&amp;quot;images/find.gif&amp;quot; alt=&amp;quot;Find&amp;quot; title=&amp;quot;Find&amp;quot; border=&amp;quot;0&amp;quot; onclick=&amp;quot;funFind(); return false;&amp;quot;&amp;gt; is not clickable at point (641, 67). Other element would receive the click: &amp;lt;td colspan=&amp;quot;2&amp;quot; align=&amp;quot;right&amp;quot;&amp;gt;...&amp;lt;/td&amp;gt;
  (Session info: chrome=80.0.3987.162)
Build info: version: &amp;apos;3.141.59&amp;apos;, revision: &amp;apos;e82be7d358&amp;apos;, time: &amp;apos;2018-11-14T08:25:53&amp;apos;
System info: host: &amp;apos;Samsung&amp;apos;, ip: &amp;apos;127.0.1.1&amp;apos;, os.name: &amp;apos;Linux&amp;apos;, os.arch: &amp;apos;amd64&amp;apos;, os.version: &amp;apos;4.13.0-36-generic&amp;apos;, java.version: &amp;apos;1.8.0_03-Ubuntu&amp;apos;
Driver info: org.openqa.selenium.chrome.ChromeDriver
Capabilities {acceptInsecureCerts: false, browserName: chrome, browserVersion: 80.0.3987.162, chrome: {chromedriverVersion: 80.0.3987.106 (f68069574609..., userDataDir: /tmp/.com.google.Chrome.Itcphs}, goog:chromeOptions: {debuggerAddress: localhost:38741}, javascriptEnabled: true, networkConnectionEnabled: false, pageLoadStrategy: normal, platform: LINUX, platformName: LINUX, proxy: Proxy(), setWindowRect: true, strictFileInteractability: false, timeouts: {implicit: 0, pageLoad: 300000, script: 30000}, unhandledPromptBehavior: dismiss and notify}
Session ID: 8a46c75c5a7f161096c2cad7847feb52">
      <![CDATA[org.openqa.selenium.ElementClickInterceptedException: element click intercepted: Element <img class="ToolButton" id="img_find" src="images/find.gif" alt="Find" title="Find" border="0" onclick="funFind(); return false;"> is not clickable at point (641, 67). Other element would receive the click: <td colspan="2" align="right">...</td>
  (Session info: chrome=80.0.3987.162)
Build info: version: '3.141.59', revision: 'e82be7d358', time: '2018-11-14T08:25:53'
System info: host: 'Samsung', ip: '127.0.1.1', os.name: 'Linux', os.arch: 'amd64', os.version: '4.13.0-36-generic', java.version: '1.8.0_03-Ubuntu'
Driver info: org.openqa.selenium.chrome.ChromeDriver
Capabilities {acceptInsecureCerts: false, browserName: chrome, browserVersion: 80.0.3987.162, chrome: {chromedriverVersion: 80.0.3987.106 (f68069574609..., userDataDir: /tmp/.com.google.Chrome.Itcphs}, goog:chromeOptions: {debuggerAddress: localhost:38741}, javascriptEnabled: true, networkConnectionEnabled: false, pageLoadStrategy: normal, platform: LINUX, platformName: LINUX, proxy: Proxy(), setWindowRect: true, strictFileInteractability: false, timeouts: {implicit: 0, pageLoad: 300000, script: 30000}, unhandledPromptBehavior: dismiss and notify}
Session ID: 8a46c75c5a7f161096c2cad7847feb52
	at org.openqa.selenium.remote.http.W3CHttpResponseCodec.createException(W3CHttpResponseCodec.java:187)
	at org.openqa.selenium.remote.http.W3CHttpResponseCodec.decode(W3CHttpResponseCodec.java:122)
	at org.openqa.selenium.remote.http.W3CHttpResponseCodec.decode(W3CHttpResponseCodec.java:49)
	at org.openqa.selenium.remote.HttpCommandExecutor.execute(HttpCommandExecutor.java:158)
	at org.openqa.selenium.remote.service.DriverCommandExecutor.execute(DriverCommandExecutor.java:83)
	at org.openqa.selenium.remote.RemoteWebDriver.execute(RemoteWebDriver.java:552)
	at org.openqa.selenium.remote.RemoteWebElement.execute(RemoteWebElement.java:285)
	at org.openqa.selenium.remote.RemoteWebElement.click(RemoteWebElement.java:84)
	at org.openqa.selenium.support.pagefactory.internal.LocatingElementHandler.invoke(LocatingElementHandler.java:51)
	at com.sun.proxy.$Proxy9.click(Unknown Source)
	at testartemus.voyegeTest.findvoyege(voyegeTest.java:202)
... Removed 32 stack frames]]>
    </failure>
  </testcase> <!-- findvoyege -->
  <testcase name="updatevoyege" time="1.432" classname="testartemus.voyegeTest">
    <failure type="org.openqa.selenium.ElementClickInterceptedException" message="element click intercepted: Element &amp;lt;img class=&amp;quot;ToolButton&amp;quot; id=&amp;quot;img_save&amp;quot; src=&amp;quot;images/save.gif&amp;quot; alt=&amp;quot;Save&amp;quot; title=&amp;quot;Save&amp;quot; border=&amp;quot;0&amp;quot; onclick=&amp;quot;funSave(); return false;&amp;quot;&amp;gt; is not clickable at point (532, 67). Other element would receive the click: &amp;lt;td colspan=&amp;quot;2&amp;quot; align=&amp;quot;right&amp;quot;&amp;gt;...&amp;lt;/td&amp;gt;
  (Session info: chrome=80.0.3987.162)
Build info: version: &amp;apos;3.141.59&amp;apos;, revision: &amp;apos;e82be7d358&amp;apos;, time: &amp;apos;2018-11-14T08:25:53&amp;apos;
System info: host: &amp;apos;Samsung&amp;apos;, ip: &amp;apos;127.0.1.1&amp;apos;, os.name: &amp;apos;Linux&amp;apos;, os.arch: &amp;apos;amd64&amp;apos;, os.version: &amp;apos;4.13.0-36-generic&amp;apos;, java.version: &amp;apos;1.8.0_03-Ubuntu&amp;apos;
Driver info: org.openqa.selenium.chrome.ChromeDriver
Capabilities {acceptInsecureCerts: false, browserName: chrome, browserVersion: 80.0.3987.162, chrome: {chromedriverVersion: 80.0.3987.106 (f68069574609..., userDataDir: /tmp/.com.google.Chrome.Itcphs}, goog:chromeOptions: {debuggerAddress: localhost:38741}, javascriptEnabled: true, networkConnectionEnabled: false, pageLoadStrategy: normal, platform: LINUX, platformName: LINUX, proxy: Proxy(), setWindowRect: true, strictFileInteractability: false, timeouts: {implicit: 0, pageLoad: 300000, script: 30000}, unhandledPromptBehavior: dismiss and notify}
Session ID: 8a46c75c5a7f161096c2cad7847feb52">
      <![CDATA[org.openqa.selenium.ElementClickInterceptedException: element click intercepted: Element <img class="ToolButton" id="img_save" src="images/save.gif" alt="Save" title="Save" border="0" onclick="funSave(); return false;"> is not clickable at point (532, 67). Other element would receive the click: <td colspan="2" align="right">...</td>
  (Session info: chrome=80.0.3987.162)
Build info: version: '3.141.59', revision: 'e82be7d358', time: '2018-11-14T08:25:53'
System info: host: 'Samsung', ip: '127.0.1.1', os.name: 'Linux', os.arch: 'amd64', os.version: '4.13.0-36-generic', java.version: '1.8.0_03-Ubuntu'
Driver info: org.openqa.selenium.chrome.ChromeDriver
Capabilities {acceptInsecureCerts: false, browserName: chrome, browserVersion: 80.0.3987.162, chrome: {chromedriverVersion: 80.0.3987.106 (f68069574609..., userDataDir: /tmp/.com.google.Chrome.Itcphs}, goog:chromeOptions: {debuggerAddress: localhost:38741}, javascriptEnabled: true, networkConnectionEnabled: false, pageLoadStrategy: normal, platform: LINUX, platformName: LINUX, proxy: Proxy(), setWindowRect: true, strictFileInteractability: false, timeouts: {implicit: 0, pageLoad: 300000, script: 30000}, unhandledPromptBehavior: dismiss and notify}
Session ID: 8a46c75c5a7f161096c2cad7847feb52
	at org.openqa.selenium.remote.http.W3CHttpResponseCodec.createException(W3CHttpResponseCodec.java:187)
	at org.openqa.selenium.remote.http.W3CHttpResponseCodec.decode(W3CHttpResponseCodec.java:122)
	at org.openqa.selenium.remote.http.W3CHttpResponseCodec.decode(W3CHttpResponseCodec.java:49)
	at org.openqa.selenium.remote.HttpCommandExecutor.execute(HttpCommandExecutor.java:158)
	at org.openqa.selenium.remote.service.DriverCommandExecutor.execute(DriverCommandExecutor.java:83)
	at org.openqa.selenium.remote.RemoteWebDriver.execute(RemoteWebDriver.java:552)
	at org.openqa.selenium.remote.RemoteWebElement.execute(RemoteWebElement.java:285)
	at org.openqa.selenium.remote.RemoteWebElement.click(RemoteWebElement.java:84)
	at org.openqa.selenium.support.pagefactory.internal.LocatingElementHandler.invoke(LocatingElementHandler.java:51)
	at com.sun.proxy.$Proxy9.click(Unknown Source)
	at testartemus.voyegeTest.updatevoyege(voyegeTest.java:233)
... Removed 32 stack frames]]>
    </failure>
  </testcase> <!-- updatevoyege -->
  <testcase name="deletevoyege" time="1.159" classname="testartemus.voyegeTest">
    <failure type="org.openqa.selenium.ElementClickInterceptedException" message="element click intercepted: Element &amp;lt;img class=&amp;quot;ToolButton&amp;quot; id=&amp;quot;img_delete&amp;quot; src=&amp;quot;images/delete.gif&amp;quot; alt=&amp;quot;Delete&amp;quot; title=&amp;quot;Delete&amp;quot; border=&amp;quot;0&amp;quot; onclick=&amp;quot;funDelete(); return false;&amp;quot;&amp;gt; is not clickable at point (692, 67). Other element would receive the click: &amp;lt;td colspan=&amp;quot;2&amp;quot; align=&amp;quot;right&amp;quot;&amp;gt;...&amp;lt;/td&amp;gt;
  (Session info: chrome=80.0.3987.162)
Build info: version: &amp;apos;3.141.59&amp;apos;, revision: &amp;apos;e82be7d358&amp;apos;, time: &amp;apos;2018-11-14T08:25:53&amp;apos;
System info: host: &amp;apos;Samsung&amp;apos;, ip: &amp;apos;127.0.1.1&amp;apos;, os.name: &amp;apos;Linux&amp;apos;, os.arch: &amp;apos;amd64&amp;apos;, os.version: &amp;apos;4.13.0-36-generic&amp;apos;, java.version: &amp;apos;1.8.0_03-Ubuntu&amp;apos;
Driver info: org.openqa.selenium.chrome.ChromeDriver
Capabilities {acceptInsecureCerts: false, browserName: chrome, browserVersion: 80.0.3987.162, chrome: {chromedriverVersion: 80.0.3987.106 (f68069574609..., userDataDir: /tmp/.com.google.Chrome.Itcphs}, goog:chromeOptions: {debuggerAddress: localhost:38741}, javascriptEnabled: true, networkConnectionEnabled: false, pageLoadStrategy: normal, platform: LINUX, platformName: LINUX, proxy: Proxy(), setWindowRect: true, strictFileInteractability: false, timeouts: {implicit: 0, pageLoad: 300000, script: 30000}, unhandledPromptBehavior: dismiss and notify}
Session ID: 8a46c75c5a7f161096c2cad7847feb52">
      <![CDATA[org.openqa.selenium.ElementClickInterceptedException: element click intercepted: Element <img class="ToolButton" id="img_delete" src="images/delete.gif" alt="Delete" title="Delete" border="0" onclick="funDelete(); return false;"> is not clickable at point (692, 67). Other element would receive the click: <td colspan="2" align="right">...</td>
  (Session info: chrome=80.0.3987.162)
Build info: version: '3.141.59', revision: 'e82be7d358', time: '2018-11-14T08:25:53'
System info: host: 'Samsung', ip: '127.0.1.1', os.name: 'Linux', os.arch: 'amd64', os.version: '4.13.0-36-generic', java.version: '1.8.0_03-Ubuntu'
Driver info: org.openqa.selenium.chrome.ChromeDriver
Capabilities {acceptInsecureCerts: false, browserName: chrome, browserVersion: 80.0.3987.162, chrome: {chromedriverVersion: 80.0.3987.106 (f68069574609..., userDataDir: /tmp/.com.google.Chrome.Itcphs}, goog:chromeOptions: {debuggerAddress: localhost:38741}, javascriptEnabled: true, networkConnectionEnabled: false, pageLoadStrategy: normal, platform: LINUX, platformName: LINUX, proxy: Proxy(), setWindowRect: true, strictFileInteractability: false, timeouts: {implicit: 0, pageLoad: 300000, script: 30000}, unhandledPromptBehavior: dismiss and notify}
Session ID: 8a46c75c5a7f161096c2cad7847feb52
	at org.openqa.selenium.remote.http.W3CHttpResponseCodec.createException(W3CHttpResponseCodec.java:187)
	at org.openqa.selenium.remote.http.W3CHttpResponseCodec.decode(W3CHttpResponseCodec.java:122)
	at org.openqa.selenium.remote.http.W3CHttpResponseCodec.decode(W3CHttpResponseCodec.java:49)
	at org.openqa.selenium.remote.HttpCommandExecutor.execute(HttpCommandExecutor.java:158)
	at org.openqa.selenium.remote.service.DriverCommandExecutor.execute(DriverCommandExecutor.java:83)
	at org.openqa.selenium.remote.RemoteWebDriver.execute(RemoteWebDriver.java:552)
	at org.openqa.selenium.remote.RemoteWebElement.execute(RemoteWebElement.java:285)
	at org.openqa.selenium.remote.RemoteWebElement.click(RemoteWebElement.java:84)
	at org.openqa.selenium.support.pagefactory.internal.LocatingElementHandler.invoke(LocatingElementHandler.java:51)
	at com.sun.proxy.$Proxy9.click(Unknown Source)
	at testartemus.voyegeTest.deletevoyege(voyegeTest.java:245)
... Removed 32 stack frames]]>
    </failure>
  </testcase> <!-- deletevoyege -->
  <testcase name="vesselarrivaltab" time="1.152" classname="testartemus.VesselArrivalTest">
    <failure type="org.openqa.selenium.ElementClickInterceptedException" message="element click intercepted: Element &amp;lt;a href=&amp;quot;#&amp;quot;&amp;gt;...&amp;lt;/a&amp;gt; is not clickable at point (180, 43). Other element would receive the click: &amp;lt;div id=&amp;quot;modal&amp;quot; style=&amp;quot;position: absolute; background-color: rgb(192, 192, 254); top: 0px; left: 0px; width: 1015px; height: 643px; z-index: 5; opacity: 0.4; overflow: auto;&amp;quot; align=&amp;quot;center&amp;quot;&amp;gt;&amp;lt;/div&amp;gt;
  (Session info: chrome=80.0.3987.162)
Build info: version: &amp;apos;3.141.59&amp;apos;, revision: &amp;apos;e82be7d358&amp;apos;, time: &amp;apos;2018-11-14T08:25:53&amp;apos;
System info: host: &amp;apos;Samsung&amp;apos;, ip: &amp;apos;127.0.1.1&amp;apos;, os.name: &amp;apos;Linux&amp;apos;, os.arch: &amp;apos;amd64&amp;apos;, os.version: &amp;apos;4.13.0-36-generic&amp;apos;, java.version: &amp;apos;1.8.0_03-Ubuntu&amp;apos;
Driver info: org.openqa.selenium.chrome.ChromeDriver
Capabilities {acceptInsecureCerts: false, browserName: chrome, browserVersion: 80.0.3987.162, chrome: {chromedriverVersion: 80.0.3987.106 (f68069574609..., userDataDir: /tmp/.com.google.Chrome.Itcphs}, goog:chromeOptions: {debuggerAddress: localhost:38741}, javascriptEnabled: true, networkConnectionEnabled: false, pageLoadStrategy: normal, platform: LINUX, platformName: LINUX, proxy: Proxy(), setWindowRect: true, strictFileInteractability: false, timeouts: {implicit: 0, pageLoad: 300000, script: 30000}, unhandledPromptBehavior: dismiss and notify}
Session ID: 8a46c75c5a7f161096c2cad7847feb52">
      <![CDATA[org.openqa.selenium.ElementClickInterceptedException: element click intercepted: Element <a href="#">...</a> is not clickable at point (180, 43). Other element would receive the click: <div id="modal" style="position: absolute; background-color: rgb(192, 192, 254); top: 0px; left: 0px; width: 1015px; height: 643px; z-index: 5; opacity: 0.4; overflow: auto;" align="center"></div>
  (Session info: chrome=80.0.3987.162)
Build info: version: '3.141.59', revision: 'e82be7d358', time: '2018-11-14T08:25:53'
System info: host: 'Samsung', ip: '127.0.1.1', os.name: 'Linux', os.arch: 'amd64', os.version: '4.13.0-36-generic', java.version: '1.8.0_03-Ubuntu'
Driver info: org.openqa.selenium.chrome.ChromeDriver
Capabilities {acceptInsecureCerts: false, browserName: chrome, browserVersion: 80.0.3987.162, chrome: {chromedriverVersion: 80.0.3987.106 (f68069574609..., userDataDir: /tmp/.com.google.Chrome.Itcphs}, goog:chromeOptions: {debuggerAddress: localhost:38741}, javascriptEnabled: true, networkConnectionEnabled: false, pageLoadStrategy: normal, platform: LINUX, platformName: LINUX, proxy: Proxy(), setWindowRect: true, strictFileInteractability: false, timeouts: {implicit: 0, pageLoad: 300000, script: 30000}, unhandledPromptBehavior: dismiss and notify}
Session ID: 8a46c75c5a7f161096c2cad7847feb52
	at org.openqa.selenium.remote.http.W3CHttpResponseCodec.createException(W3CHttpResponseCodec.java:187)
	at org.openqa.selenium.remote.http.W3CHttpResponseCodec.decode(W3CHttpResponseCodec.java:122)
	at org.openqa.selenium.remote.http.W3CHttpResponseCodec.decode(W3CHttpResponseCodec.java:49)
	at org.openqa.selenium.remote.HttpCommandExecutor.execute(HttpCommandExecutor.java:158)
	at org.openqa.selenium.remote.service.DriverCommandExecutor.execute(DriverCommandExecutor.java:83)
	at org.openqa.selenium.remote.RemoteWebDriver.execute(RemoteWebDriver.java:552)
	at org.openqa.selenium.remote.RemoteWebElement.execute(RemoteWebElement.java:285)
	at org.openqa.selenium.remote.RemoteWebElement.click(RemoteWebElement.java:84)
	at org.openqa.selenium.support.pagefactory.internal.LocatingElementHandler.invoke(LocatingElementHandler.java:51)
	at com.sun.proxy.$Proxy9.click(Unknown Source)
	at testartemus.VesselArrivalTest.vesselarrivaltab(VesselArrivalTest.java:41)
... Removed 32 stack frames]]>
    </failure>
  </testcase> <!-- vesselarrivaltab -->
  <testcase name="vesseldetails" time="0.597" classname="testartemus.VesselArrivalTest"/>
  <testcase name="Voyagedetails" time="20.026" classname="testartemus.VesselArrivalTest">
    <failure type="org.openqa.selenium.NoSuchElementException" message="no such element: Unable to locate element: {&amp;quot;method&amp;quot;:&amp;quot;css selector&amp;quot;,&amp;quot;selector&amp;quot;:&amp;quot;select[name=&amp;apos;voyageId&amp;apos;]&amp;quot;}
  (Session info: chrome=80.0.3987.162)
For documentation on this error, please visit: https://www.seleniumhq.org/exceptions/no_such_element.html
Build info: version: &amp;apos;3.141.59&amp;apos;, revision: &amp;apos;e82be7d358&amp;apos;, time: &amp;apos;2018-11-14T08:25:53&amp;apos;
System info: host: &amp;apos;Samsung&amp;apos;, ip: &amp;apos;127.0.1.1&amp;apos;, os.name: &amp;apos;Linux&amp;apos;, os.arch: &amp;apos;amd64&amp;apos;, os.version: &amp;apos;4.13.0-36-generic&amp;apos;, java.version: &amp;apos;1.8.0_03-Ubuntu&amp;apos;
Driver info: org.openqa.selenium.chrome.ChromeDriver
Capabilities {acceptInsecureCerts: false, browserName: chrome, browserVersion: 80.0.3987.162, chrome: {chromedriverVersion: 80.0.3987.106 (f68069574609..., userDataDir: /tmp/.com.google.Chrome.Itcphs}, goog:chromeOptions: {debuggerAddress: localhost:38741}, javascriptEnabled: true, networkConnectionEnabled: false, pageLoadStrategy: normal, platform: LINUX, platformName: LINUX, proxy: Proxy(), setWindowRect: true, strictFileInteractability: false, timeouts: {implicit: 0, pageLoad: 300000, script: 30000}, unhandledPromptBehavior: dismiss and notify}
Session ID: 8a46c75c5a7f161096c2cad7847feb52
*** Element info: {Using=css selector, value=select[name=&amp;apos;voyageId&amp;apos;]}">
      <![CDATA[org.openqa.selenium.NoSuchElementException: no such element: Unable to locate element: {"method":"css selector","selector":"select[name='voyageId']"}
  (Session info: chrome=80.0.3987.162)
For documentation on this error, please visit: https://www.seleniumhq.org/exceptions/no_such_element.html
Build info: version: '3.141.59', revision: 'e82be7d358', time: '2018-11-14T08:25:53'
System info: host: 'Samsung', ip: '127.0.1.1', os.name: 'Linux', os.arch: 'amd64', os.version: '4.13.0-36-generic', java.version: '1.8.0_03-Ubuntu'
Driver info: org.openqa.selenium.chrome.ChromeDriver
Capabilities {acceptInsecureCerts: false, browserName: chrome, browserVersion: 80.0.3987.162, chrome: {chromedriverVersion: 80.0.3987.106 (f68069574609..., userDataDir: /tmp/.com.google.Chrome.Itcphs}, goog:chromeOptions: {debuggerAddress: localhost:38741}, javascriptEnabled: true, networkConnectionEnabled: false, pageLoadStrategy: normal, platform: LINUX, platformName: LINUX, proxy: Proxy(), setWindowRect: true, strictFileInteractability: false, timeouts: {implicit: 0, pageLoad: 300000, script: 30000}, unhandledPromptBehavior: dismiss and notify}
Session ID: 8a46c75c5a7f161096c2cad7847feb52
*** Element info: {Using=css selector, value=select[name='voyageId']}
	at org.openqa.selenium.remote.http.W3CHttpResponseCodec.createException(W3CHttpResponseCodec.java:187)
	at org.openqa.selenium.remote.http.W3CHttpResponseCodec.decode(W3CHttpResponseCodec.java:122)
	at org.openqa.selenium.remote.http.W3CHttpResponseCodec.decode(W3CHttpResponseCodec.java:49)
	at org.openqa.selenium.remote.HttpCommandExecutor.execute(HttpCommandExecutor.java:158)
	at org.openqa.selenium.remote.service.DriverCommandExecutor.execute(DriverCommandExecutor.java:83)
	at org.openqa.selenium.remote.RemoteWebDriver.execute(RemoteWebDriver.java:552)
	at org.openqa.selenium.remote.RemoteWebDriver.findElement(RemoteWebDriver.java:323)
	at org.openqa.selenium.remote.RemoteWebDriver.findElementByCssSelector(RemoteWebDriver.java:420)
	at org.openqa.selenium.By$ByCssSelector.findElement(By.java:431)
	at org.openqa.selenium.remote.RemoteWebDriver.findElement(RemoteWebDriver.java:315)
	at org.openqa.selenium.support.pagefactory.DefaultElementLocator.findElement(DefaultElementLocator.java:69)
	at org.openqa.selenium.support.pagefactory.internal.LocatingElementHandler.invoke(LocatingElementHandler.java:38)
	at com.sun.proxy.$Proxy9.getTagName(Unknown Source)
	at org.openqa.selenium.support.ui.Select.<init>(Select.java:45)
	at testartemus.VesselArrivalTest.Voyagedetails(VesselArrivalTest.java:65)
... Removed 29 stack frames]]>
    </failure>
  </testcase> <!-- Voyagedetails -->
  <testcase name="DischargePortdetails" time="60.209" classname="testartemus.VesselArrivalTest"/>
  <testcase name="findbills" time="20.074" classname="testartemus.VesselArrivalTest">
    <failure type="org.openqa.selenium.NoSuchElementException" message="no such element: Unable to locate element: {&amp;quot;method&amp;quot;:&amp;quot;css selector&amp;quot;,&amp;quot;selector&amp;quot;:&amp;quot;img[alt=&amp;apos;Find Criteria&amp;apos;]&amp;quot;}
  (Session info: chrome=80.0.3987.162)
For documentation on this error, please visit: https://www.seleniumhq.org/exceptions/no_such_element.html
Build info: version: &amp;apos;3.141.59&amp;apos;, revision: &amp;apos;e82be7d358&amp;apos;, time: &amp;apos;2018-11-14T08:25:53&amp;apos;
System info: host: &amp;apos;Samsung&amp;apos;, ip: &amp;apos;127.0.1.1&amp;apos;, os.name: &amp;apos;Linux&amp;apos;, os.arch: &amp;apos;amd64&amp;apos;, os.version: &amp;apos;4.13.0-36-generic&amp;apos;, java.version: &amp;apos;1.8.0_03-Ubuntu&amp;apos;
Driver info: org.openqa.selenium.chrome.ChromeDriver
Capabilities {acceptInsecureCerts: false, browserName: chrome, browserVersion: 80.0.3987.162, chrome: {chromedriverVersion: 80.0.3987.106 (f68069574609..., userDataDir: /tmp/.com.google.Chrome.Itcphs}, goog:chromeOptions: {debuggerAddress: localhost:38741}, javascriptEnabled: true, networkConnectionEnabled: false, pageLoadStrategy: normal, platform: LINUX, platformName: LINUX, proxy: Proxy(), setWindowRect: true, strictFileInteractability: false, timeouts: {implicit: 0, pageLoad: 300000, script: 30000}, unhandledPromptBehavior: dismiss and notify}
Session ID: 8a46c75c5a7f161096c2cad7847feb52
*** Element info: {Using=css selector, value=img[alt=&amp;apos;Find Criteria&amp;apos;]}">
      <![CDATA[org.openqa.selenium.NoSuchElementException: no such element: Unable to locate element: {"method":"css selector","selector":"img[alt='Find Criteria']"}
  (Session info: chrome=80.0.3987.162)
For documentation on this error, please visit: https://www.seleniumhq.org/exceptions/no_such_element.html
Build info: version: '3.141.59', revision: 'e82be7d358', time: '2018-11-14T08:25:53'
System info: host: 'Samsung', ip: '127.0.1.1', os.name: 'Linux', os.arch: 'amd64', os.version: '4.13.0-36-generic', java.version: '1.8.0_03-Ubuntu'
Driver info: org.openqa.selenium.chrome.ChromeDriver
Capabilities {acceptInsecureCerts: false, browserName: chrome, browserVersion: 80.0.3987.162, chrome: {chromedriverVersion: 80.0.3987.106 (f68069574609..., userDataDir: /tmp/.com.google.Chrome.Itcphs}, goog:chromeOptions: {debuggerAddress: localhost:38741}, javascriptEnabled: true, networkConnectionEnabled: false, pageLoadStrategy: normal, platform: LINUX, platformName: LINUX, proxy: Proxy(), setWindowRect: true, strictFileInteractability: false, timeouts: {implicit: 0, pageLoad: 300000, script: 30000}, unhandledPromptBehavior: dismiss and notify}
Session ID: 8a46c75c5a7f161096c2cad7847feb52
*** Element info: {Using=css selector, value=img[alt='Find Criteria']}
	at org.openqa.selenium.remote.http.W3CHttpResponseCodec.createException(W3CHttpResponseCodec.java:187)
	at org.openqa.selenium.remote.http.W3CHttpResponseCodec.decode(W3CHttpResponseCodec.java:122)
	at org.openqa.selenium.remote.http.W3CHttpResponseCodec.decode(W3CHttpResponseCodec.java:49)
	at org.openqa.selenium.remote.HttpCommandExecutor.execute(HttpCommandExecutor.java:158)
	at org.openqa.selenium.remote.service.DriverCommandExecutor.execute(DriverCommandExecutor.java:83)
	at org.openqa.selenium.remote.RemoteWebDriver.execute(RemoteWebDriver.java:552)
	at org.openqa.selenium.remote.RemoteWebDriver.findElement(RemoteWebDriver.java:323)
	at org.openqa.selenium.remote.RemoteWebDriver.findElementByCssSelector(RemoteWebDriver.java:420)
	at org.openqa.selenium.By$ByCssSelector.findElement(By.java:431)
	at org.openqa.selenium.remote.RemoteWebDriver.findElement(RemoteWebDriver.java:315)
	at org.openqa.selenium.support.pagefactory.DefaultElementLocator.findElement(DefaultElementLocator.java:69)
	at org.openqa.selenium.support.pagefactory.internal.LocatingElementHandler.invoke(LocatingElementHandler.java:38)
	at com.sun.proxy.$Proxy9.click(Unknown Source)
	at testartemus.VesselArrivalTest.findbills(VesselArrivalTest.java:109)
... Removed 29 stack frames]]>
    </failure>
  </testcase> <!-- findbills -->
  <testcase name="acknowledgement" time="20.051" classname="testartemus.VesselArrivalTest">
    <failure type="org.openqa.selenium.NoSuchElementException" message="no such element: Unable to locate element: {&amp;quot;method&amp;quot;:&amp;quot;xpath&amp;quot;,&amp;quot;selector&amp;quot;:&amp;quot;//tr[@class=&amp;apos;GridData&amp;apos;]&amp;quot;}
  (Session info: chrome=80.0.3987.162)
For documentation on this error, please visit: https://www.seleniumhq.org/exceptions/no_such_element.html
Build info: version: &amp;apos;3.141.59&amp;apos;, revision: &amp;apos;e82be7d358&amp;apos;, time: &amp;apos;2018-11-14T08:25:53&amp;apos;
System info: host: &amp;apos;Samsung&amp;apos;, ip: &amp;apos;127.0.1.1&amp;apos;, os.name: &amp;apos;Linux&amp;apos;, os.arch: &amp;apos;amd64&amp;apos;, os.version: &amp;apos;4.13.0-36-generic&amp;apos;, java.version: &amp;apos;1.8.0_03-Ubuntu&amp;apos;
Driver info: org.openqa.selenium.chrome.ChromeDriver
Capabilities {acceptInsecureCerts: false, browserName: chrome, browserVersion: 80.0.3987.162, chrome: {chromedriverVersion: 80.0.3987.106 (f68069574609..., userDataDir: /tmp/.com.google.Chrome.Itcphs}, goog:chromeOptions: {debuggerAddress: localhost:38741}, javascriptEnabled: true, networkConnectionEnabled: false, pageLoadStrategy: normal, platform: LINUX, platformName: LINUX, proxy: Proxy(), setWindowRect: true, strictFileInteractability: false, timeouts: {implicit: 0, pageLoad: 300000, script: 30000}, unhandledPromptBehavior: dismiss and notify}
Session ID: 8a46c75c5a7f161096c2cad7847feb52
*** Element info: {Using=xpath, value=//tr[@class=&amp;apos;GridData&amp;apos;]}">
      <![CDATA[org.openqa.selenium.NoSuchElementException: no such element: Unable to locate element: {"method":"xpath","selector":"//tr[@class='GridData']"}
  (Session info: chrome=80.0.3987.162)
For documentation on this error, please visit: https://www.seleniumhq.org/exceptions/no_such_element.html
Build info: version: '3.141.59', revision: 'e82be7d358', time: '2018-11-14T08:25:53'
System info: host: 'Samsung', ip: '127.0.1.1', os.name: 'Linux', os.arch: 'amd64', os.version: '4.13.0-36-generic', java.version: '1.8.0_03-Ubuntu'
Driver info: org.openqa.selenium.chrome.ChromeDriver
Capabilities {acceptInsecureCerts: false, browserName: chrome, browserVersion: 80.0.3987.162, chrome: {chromedriverVersion: 80.0.3987.106 (f68069574609..., userDataDir: /tmp/.com.google.Chrome.Itcphs}, goog:chromeOptions: {debuggerAddress: localhost:38741}, javascriptEnabled: true, networkConnectionEnabled: false, pageLoadStrategy: normal, platform: LINUX, platformName: LINUX, proxy: Proxy(), setWindowRect: true, strictFileInteractability: false, timeouts: {implicit: 0, pageLoad: 300000, script: 30000}, unhandledPromptBehavior: dismiss and notify}
Session ID: 8a46c75c5a7f161096c2cad7847feb52
*** Element info: {Using=xpath, value=//tr[@class='GridData']}
	at org.openqa.selenium.remote.http.W3CHttpResponseCodec.createException(W3CHttpResponseCodec.java:187)
	at org.openqa.selenium.remote.http.W3CHttpResponseCodec.decode(W3CHttpResponseCodec.java:122)
	at org.openqa.selenium.remote.http.W3CHttpResponseCodec.decode(W3CHttpResponseCodec.java:49)
	at org.openqa.selenium.remote.HttpCommandExecutor.execute(HttpCommandExecutor.java:158)
	at org.openqa.selenium.remote.service.DriverCommandExecutor.execute(DriverCommandExecutor.java:83)
	at org.openqa.selenium.remote.RemoteWebDriver.execute(RemoteWebDriver.java:552)
	at org.openqa.selenium.remote.RemoteWebDriver.findElement(RemoteWebDriver.java:323)
	at org.openqa.selenium.remote.RemoteWebDriver.findElementByXPath(RemoteWebDriver.java:428)
	at org.openqa.selenium.By$ByXPath.findElement(By.java:353)
	at org.openqa.selenium.remote.RemoteWebDriver.findElement(RemoteWebDriver.java:315)
	at org.openqa.selenium.support.pagefactory.DefaultElementLocator.findElement(DefaultElementLocator.java:69)
	at org.openqa.selenium.support.pagefactory.internal.LocatingElementHandler.invoke(LocatingElementHandler.java:38)
	at com.sun.proxy.$Proxy9.click(Unknown Source)
	at testartemus.VesselArrivalTest.acknowledgement(VesselArrivalTest.java:130)
... Removed 29 stack frames]]>
    </failure>
  </testcase> <!-- acknowledgement -->
  <testcase name="createlocation" time="7.549" classname="testartemus.locationTest"/>
  <testcase name="warehousedetail" time="27.272" classname="testartemus.locationTest"/>
  <testcase name="unlocodedetail" time="0.593" classname="testartemus.locationTest"/>
  <testcase name="savelocation" time="4.134" classname="testartemus.locationTest"/>
  <testcase name="findlocation" time="1.073" classname="testartemus.locationTest"/>
  <testcase name="findlocationassert" time="1.296" classname="testartemus.locationTest"/>
  <testcase name="findlocationingrid" time="3.479" classname="testartemus.locationTest"/>
  <testcase name="updatelocation" time="6.078" classname="testartemus.locationTest"/>
  <testcase name="deletelocation" time="3.652" classname="testartemus.locationTest"/>
  <testcase name="createvessel" time="3.909" classname="testartemus.vesselTest"/>
  <testcase name="japancarriercode" time="1.482" classname="testartemus.vesselTest"/>
  <testcase name="savevessel" time="1.435" classname="testartemus.vesselTest"/>
  <testcase name="findvessel" time="0.736" classname="testartemus.vesselTest"/>
  <testcase name="findvesselname" time="2.197" classname="testartemus.vesselTest"/>
  <testcase name="updatevessel" time="1.587" classname="testartemus.vesselTest"/>
  <testcase name="deletevessel" time="1.185" classname="testartemus.vesselTest"/>
  <testcase name="vesselarrivaltab" time="1.532" classname="testartemus.VesselDepartureTest"/>
  <testcase name="vesseldetails" time="0.65" classname="testartemus.VesselDepartureTest"/>
  <testcase name="Voyagedetails" time="0.328" classname="testartemus.VesselDepartureTest"/>
  <testcase name="loadPortdetails" time="0.642" classname="testartemus.VesselDepartureTest"/>
  <testcase name="findbills" time="2.183" classname="testartemus.VesselDepartureTest"/>
  <testcase name="createcustomer" time="3.757" classname="testartemus.CustomerprofileTest"/>
  <testcase name="savecustomer" time="3.554" classname="testartemus.CustomerprofileTest"/>
  <testcase name="findcustomerassert" time="0.453" classname="testartemus.CustomerprofileTest"/>
  <testcase name="findcustomer" time="3.97" classname="testartemus.CustomerprofileTest"/>
  <testcase name="updatecustomer" time="1.643" classname="testartemus.CustomerprofileTest"/>
  <testcase name="deletecustomer" time="12.005" classname="testartemus.CustomerprofileTest"/>
  <testcase name="billheader" time="4.74" classname="testartemus.billheaderTest"/>
  <testcase name="billStatus" time="0.579" classname="testartemus.billheaderTest"/>
  <testcase name="billType" time="0.22" classname="testartemus.billheaderTest"/>
  <testcase name="hblScac" time="0.887" classname="testartemus.billheaderTest"/>
  <testcase name="NvoType" time="0.29" classname="testartemus.billheaderTest"/>
  <testcase name="ShippingInformation" time="1.466" classname="testartemus.billheaderTest"/>
  <testcase name="Consignee" time="1.362" classname="testartemus.billheaderTest"/>
  <testcase name="Notify" time="1.605" classname="testartemus.billheaderTest"/>
  <testcase name="VesselDetail" time="3.546" classname="testartemus.billheaderTest"/>
  <testcase name="receiptPlace" time="0.916" classname="testartemus.billheaderTest"/>
  <testcase name="PortOfLoading" time="0.498" classname="testartemus.billheaderTest"/>
  <testcase name="PortOfDischarge" time="0.518" classname="testartemus.billheaderTest"/>
  <testcase name="PlaceOfDelivery" time="1.023" classname="testartemus.billheaderTest"/>
  <testcase name="MoveType" time="0.319" classname="testartemus.billheaderTest"/>
  <testcase name="CountryOfOrigin" time="2.704" classname="testartemus.billheaderTest"/>
  <testcase name="Equipment" time="1.073" classname="testartemus.billheaderTest"/>
  <testcase name="scrollpage" time="0.067" classname="testartemus.billheaderTest"/>
  <testcase name="Packages" time="1.68" classname="testartemus.billheaderTest"/>
  <testcase name="Packagesunit" time="0.664" classname="testartemus.billheaderTest"/>
  <testcase name="scrollpage2" time="0.033" classname="testartemus.billheaderTest"/>
  <testcase name="equipmentcargodetails" time="2.412" classname="testartemus.billheaderTest"/>
  <testcase name="goodsDescription" time="0.285" classname="testartemus.billheaderTest"/>
  <testcase name="HarmonizeCode" time="0.984" classname="testartemus.billheaderTest"/>
  <testcase name="HazardCode" time="1.067" classname="testartemus.billheaderTest"/>
  <testcase name="Manufacturer" time="1.418" classname="testartemus.billheaderTest"/>
  <testcase name="cargocountry" time="0.276" classname="testartemus.billheaderTest"/>
  <testcase name="scrollpageup" time="0.028" classname="testartemus.billheaderTest"/>
  <testcase name="save" time="6.194" classname="testartemus.billheaderTest"/>
  <testcase name="findbill" time="3.938" classname="testartemus.billheaderTest"/>
  <testcase name="updatebill" time="6.472" classname="testartemus.billheaderTest"/>
</testsuite> <!-- Test -->
