<?xml version="1.0" encoding="UTF-8"?>
<!-- Generated by org.testng.reporters.JUnitXMLReporter -->
<testsuite hostname="Samsung" name="CustomerProfileTest" tests="6" failures="0" timestamp="24 Apr 2020 07:34:09 GMT" time="11.245" errors="0">
  <testcase name="@BeforeTest login" time="0.0" classname="testartemus.CustomerprofileTest">
    <failure type="org.openqa.selenium.NoSuchWindowException" message="no such window: window was already closed
  (Session info: chrome=80.0.3987.162)
Build info: version: &amp;apos;3.141.59&amp;apos;, revision: &amp;apos;e82be7d358&amp;apos;, time: &amp;apos;2018-11-14T08:25:53&amp;apos;
System info: host: &amp;apos;Samsung&amp;apos;, ip: &amp;apos;127.0.1.1&amp;apos;, os.name: &amp;apos;Linux&amp;apos;, os.arch: &amp;apos;amd64&amp;apos;, os.version: &amp;apos;4.13.0-36-generic&amp;apos;, java.version: &amp;apos;1.8.0_03-Ubuntu&amp;apos;
Driver info: org.openqa.selenium.chrome.ChromeDriver
Capabilities {acceptInsecureCerts: false, browserName: chrome, browserVersion: 80.0.3987.162, chrome: {chromedriverVersion: 80.0.3987.106 (f68069574609..., userDataDir: /tmp/.com.google.Chrome.cCkKg6}, goog:chromeOptions: {debuggerAddress: localhost:41807}, javascriptEnabled: true, networkConnectionEnabled: false, pageLoadStrategy: normal, platform: LINUX, platformName: LINUX, proxy: Proxy(), setWindowRect: true, strictFileInteractability: false, timeouts: {implicit: 0, pageLoad: 300000, script: 30000}, unhandledPromptBehavior: dismiss and notify}
Session ID: 8bba92e0f142d5fa54187c2b00f6d354
*** Element info: {Using=css selector, value=input[name=&amp;apos;loginScac&amp;apos;]}">
      <![CDATA[org.openqa.selenium.NoSuchWindowException: no such window: window was already closed
  (Session info: chrome=80.0.3987.162)
Build info: version: '3.141.59', revision: 'e82be7d358', time: '2018-11-14T08:25:53'
System info: host: 'Samsung', ip: '127.0.1.1', os.name: 'Linux', os.arch: 'amd64', os.version: '4.13.0-36-generic', java.version: '1.8.0_03-Ubuntu'
Driver info: org.openqa.selenium.chrome.ChromeDriver
Capabilities {acceptInsecureCerts: false, browserName: chrome, browserVersion: 80.0.3987.162, chrome: {chromedriverVersion: 80.0.3987.106 (f68069574609..., userDataDir: /tmp/.com.google.Chrome.cCkKg6}, goog:chromeOptions: {debuggerAddress: localhost:41807}, javascriptEnabled: true, networkConnectionEnabled: false, pageLoadStrategy: normal, platform: LINUX, platformName: LINUX, proxy: Proxy(), setWindowRect: true, strictFileInteractability: false, timeouts: {implicit: 0, pageLoad: 300000, script: 30000}, unhandledPromptBehavior: dismiss and notify}
Session ID: 8bba92e0f142d5fa54187c2b00f6d354
*** Element info: {Using=css selector, value=input[name='loginScac']}
	at org.openqa.selenium.remote.http.W3CHttpResponseCodec.createException(W3CHttpResponseCodec.java:187)
	at org.openqa.selenium.remote.http.W3CHttpResponseCodec.decode(W3CHttpResponseCodec.java:122)
	at org.openqa.selenium.remote.http.W3CHttpResponseCodec.decode(W3CHttpResponseCodec.java:49)
	at org.openqa.selenium.remote.HttpCommandExecutor.execute(HttpCommandExecutor.java:158)
	at org.openqa.selenium.remote.service.DriverCommandExecutor.execute(DriverCommandExecutor.java:83)
	at org.openqa.selenium.remote.RemoteWebDriver.execute(RemoteWebDriver.java:552)
	at org.openqa.selenium.remote.RemoteWebDriver.findElement(RemoteWebDriver.java:323)
	at org.openqa.selenium.remote.RemoteWebDriver.findElementByCssSelector(RemoteWebDriver.java:420)
	at org.openqa.selenium.By$ByCssSelector.findElement(By.java:431)
	at org.openqa.selenium.remote.RemoteWebDriver.findElement(RemoteWebDriver.java:315)
	at org.openqa.selenium.support.pagefactory.DefaultElementLocator.findElement(DefaultElementLocator.java:69)
	at org.openqa.selenium.support.pagefactory.internal.LocatingElementHandler.invoke(LocatingElementHandler.java:38)
	at com.sun.proxy.$Proxy9.sendKeys(Unknown Source)
	at testartemus.CustomerprofileTest.login(CustomerprofileTest.java:49)
... Removed 27 stack frames]]>
    </failure>
  </testcase> <!-- @BeforeTest login -->
  <testcase name="@AfterTest closebrowser" time="0.0" classname="testartemus.CustomerprofileTest">
    <skipped/>
  </testcase> <!-- @AfterTest closebrowser -->
  <testcase name="createcustomer" time="0.002" classname="testartemus.CustomerprofileTest">
    <skipped/>
  </testcase> <!-- createcustomer -->
  <testcase name="savecustomer" time="0.007" classname="testartemus.CustomerprofileTest">
    <skipped/>
  </testcase> <!-- savecustomer -->
  <testcase name="findcustomerassert" time="0.007" classname="testartemus.CustomerprofileTest">
    <skipped/>
  </testcase> <!-- findcustomerassert -->
  <testcase name="findcustomer" time="0.002" classname="testartemus.CustomerprofileTest">
    <skipped/>
  </testcase> <!-- findcustomer -->
  <testcase name="updatecustomer" time="0.002" classname="testartemus.CustomerprofileTest">
    <skipped/>
  </testcase> <!-- updatecustomer -->
  <testcase name="deletecustomer" time="0.002" classname="testartemus.CustomerprofileTest">
    <skipped/>
  </testcase> <!-- deletecustomer -->
</testsuite> <!-- CustomerProfileTest -->
